<?xml version="1.0" encoding="UTF-8"?>
<testsuite xmlns:xsi="http://www.w3.org/2001/XMLSchema-instance" xsi:noNamespaceSchemaLocation="https://maven.apache.org/surefire/maven-surefire-plugin/xsd/surefire-test-report.xsd" name="BigChuTests" time="0.035" tests="3" errors="0" skipped="0" failures="0">
  <properties>
[...]
</properties>
  <testcase name="testMarketValuePositive" classname="BigChuTests" time="0.002"/>
  <testcase name="testIfChungyBoiIsDead" classname="BigChuTests" time="0"/>
  <testcase name="testMarketValueNegative" classname="BigChuTests" time="0.001"/>
</testsuite>